-------------------------------------------------------------------------------
Test set: com.parkit.parkingsystem.integration.config.DataBaseTestConfig
-------------------------------------------------------------------------------
Tests run: 1, Failures: 0, Errors: 1, Skipped: 0, Time elapsed: 12.401 s <<< FAILURE! - in com.parkit.parkingsystem.integration.config.DataBaseTestConfig
testGetConnection  Time elapsed: 12.31 s  <<< ERROR!
com.mysql.cj.jdbc.exceptions.CommunicationsException: 
Communications link failure

The last packet sent successfully to the server was 0 milliseconds ago. The driver has not received any packets from the server.
	at com.parkit.parkingsystem.integration.config.DataBaseTestConfig.getConnection(DataBaseTestConfig.java:34)
	at com.parkit.parkingsystem.integration.config.DataBaseTestConfig.testGetConnection(DataBaseTestConfig.java:76)
Caused by: com.mysql.cj.exceptions.CJCommunicationsException: 
Communications link failure

The last packet sent successfully to the server was 0 milliseconds ago. The driver has not received any packets from the server.
	at com.parkit.parkingsystem.integration.config.DataBaseTestConfig.getConnection(DataBaseTestConfig.java:34)
	at com.parkit.parkingsystem.integration.config.DataBaseTestConfig.testGetConnection(DataBaseTestConfig.java:76)
Caused by: java.net.ConnectException: Connection refused: connect
	at com.parkit.parkingsystem.integration.config.DataBaseTestConfig.getConnection(DataBaseTestConfig.java:34)
	at com.parkit.parkingsystem.integration.config.DataBaseTestConfig.testGetConnection(DataBaseTestConfig.java:76)

