-------------------------------------------------------------------------------
Test set: com.parkit.parkingsystem.integration.ParkingDataBaseIT
-------------------------------------------------------------------------------
Tests run: 2, Failures: 2, Errors: 0, Skipped: 0, Time elapsed: 15.219 s <<< FAILURE! - in com.parkit.parkingsystem.integration.ParkingDataBaseIT
testParkingLotExit  Time elapsed: 0.226 s  <<< FAILURE!
org.opentest4j.AssertionFailedError: Le ticket ne doit pas être nul après l'insertion dans la base de données ==> expected: not <null>
	at com.parkit.parkingsystem.integration.ParkingDataBaseIT.testParkingLotExit(ParkingDataBaseIT.java:107)

testParkingACar  Time elapsed: 0.228 s  <<< FAILURE!
org.opentest4j.AssertionFailedError: La place de parking ne doit pas être nulle ==> expected: not <null>
	at com.parkit.parkingsystem.integration.ParkingDataBaseIT.testParkingACar(ParkingDataBaseIT.java:82)

